#
# There is insufficient memory for the Java Runtime Environment to continue.
# Native memory allocation (malloc) failed to allocate 440976 bytes for Chunk::new
# Possible reasons:
#   The system is out of physical RAM or swap space
#   The process is running with CompressedOops enabled, and the Java Heap may be blocking the growth of the native heap
# Possible solutions:
#   Reduce memory load on the system
#   Increase physical memory or swap space
#   Check if swap backing store is full
#   Decrease Java heap size (-Xmx/-Xms)
#   Decrease number of Java threads
#   Decrease Java thread stack sizes (-Xss)
#   Set larger code cache with -XX:ReservedCodeCacheSize=
#   JVM is running with Unscaled Compressed Oops mode in which the Java heap is
#     placed in the first 4GB address space. The Java Heap base address is the
#     maximum limit for the native heap growth. Please use -XX:HeapBaseMinAddress
#     to set the Java Heap base and to place the Java Heap above 4GB virtual address.
# This output file may be truncated or incomplete.
#
#  Out of Memory Error (allocation.cpp:389), pid=31716, tid=0x0000000000008e18
#
# JRE version: Java(TM) SE Runtime Environment (8.0_212-b10) (build 1.8.0_212-b10)
# Java VM: Java HotSpot(TM) 64-Bit Server VM (25.212-b10 mixed mode windows-amd64 compressed oops)
# Failed to write core dump. Minidumps are not enabled by default on client versions of Windows
#

---------------  T H R E A D  ---------------

Current thread (0x0000000015acf000):  JavaThread "C2 CompilerThread1" daemon [_thread_in_native, id=36376, stack(0x0000000016170000,0x0000000016270000)]

Stack: [0x0000000016170000,0x0000000016270000]
[error occurred during error reporting (printing stack bounds), id 0xc0000005]

Native frames: (J=compiled Java code, j=interpreted, Vv=VM code, C=native code)


Current CompileTask:
C2:17341557 15336       4       org.codehaus.groovy.util.LazyReference::get (44 bytes)


---------------  P R O C E S S  ---------------

Java Threads: ( => current thread )
  0x000000001cb93000 JavaThread "Cache worker for Java compile cache (E:\Data\project\tmp\jsp_netdisk\.gradle\6.8\javaCompile)" [_thread_blocked, id=32760, stack(0x00000000214d0000,0x00000000215d0000)]
  0x000000001cb92800 JavaThread "Cache worker for Java compile cache (C:\Users\xfl666\.gradle\caches\6.8\javaCompile)" [_thread_blocked, id=39968, stack(0x0000000020f20000,0x0000000021020000)]
  0x000000001cb8f800 JavaThread "Cache worker for execution history cache (E:\Data\project\tmp\jsp_netdisk\.gradle\6.8\executionHistory)" [_thread_blocked, id=36276, stack(0x0000000020e20000,0x0000000020f20000)]
  0x000000001cb88000 JavaThread "Execution worker for ':' Thread 3" [_thread_blocked, id=39868, stack(0x0000000020d20000,0x0000000020e20000)]
  0x000000001cb8c800 JavaThread "Execution worker for ':' Thread 2" [_thread_blocked, id=41448, stack(0x0000000020c20000,0x0000000020d20000)]
  0x000000001cb8b000 JavaThread "Execution worker for ':'" [_thread_in_native, id=42492, stack(0x0000000020b20000,0x0000000020c20000)]
  0x000000001cb8e800 JavaThread "jar transforms Thread 280" [_thread_blocked, id=24520, stack(0x0000000020820000,0x0000000020920000)]
  0x000000001cb8a000 JavaThread "jar transforms Thread 279" [_thread_blocked, id=34340, stack(0x0000000020200000,0x0000000020300000)]
  0x000000001cb87000 JavaThread "jar transforms Thread 278" [_thread_blocked, id=42896, stack(0x000000001ff00000,0x0000000020000000)]
  0x000000001cb88800 JavaThread "jar transforms Thread 277" [_thread_blocked, id=23716, stack(0x000000001fe00000,0x000000001ff00000)]
  0x000000001cb8b800 JavaThread "jar transforms Thread 276" [_thread_blocked, id=16820, stack(0x000000001fd00000,0x000000001fe00000)]
  0x000000001cb8d000 JavaThread "jar transforms Thread 275" [_thread_blocked, id=31616, stack(0x000000001fc00000,0x000000001fd00000)]
  0x000000001cb89800 JavaThread "jar transforms Thread 274" [_thread_blocked, id=39620, stack(0x000000001fb00000,0x000000001fc00000)]
  0x000000001cb8e000 JavaThread "jar transforms Thread 273" [_thread_blocked, id=1920, stack(0x000000001fa00000,0x000000001fb00000)]
  0x0000000018644800 JavaThread "jar transforms Thread 272" [_thread_blocked, id=36764, stack(0x000000001f900000,0x000000001fa00000)]
  0x0000000018643000 JavaThread "jar transforms Thread 271" [_thread_blocked, id=38412, stack(0x000000001f800000,0x000000001f900000)]
  0x000000001864a000 JavaThread "jar transforms Thread 270" [_thread_blocked, id=41528, stack(0x000000001f700000,0x000000001f800000)]
  0x0000000018648800 JavaThread "jar transforms Thread 269" [_thread_blocked, id=30504, stack(0x000000001f600000,0x000000001f700000)]
  0x0000000018646000 JavaThread "jar transforms Thread 268" [_thread_blocked, id=32024, stack(0x000000001f500000,0x000000001f600000)]
  0x0000000018647800 JavaThread "jar transforms Thread 267" [_thread_blocked, id=29180, stack(0x000000001f400000,0x000000001f500000)]
  0x00000000184e0800 JavaThread "Build operations Thread 4" [_thread_blocked, id=37580, stack(0x000000001f300000,0x000000001f400000)]
  0x00000000184e0000 JavaThread "Build operations Thread 3" [_thread_blocked, id=40312, stack(0x000000001f200000,0x000000001f300000)]
  0x00000000184de800 JavaThread "Build operations Thread 2" [_thread_blocked, id=37764, stack(0x000000001ee40000,0x000000001ef40000)]
  0x00000000184db800 JavaThread "Build operations" [_thread_blocked, id=42244, stack(0x000000001e240000,0x000000001e340000)]
  0x00000000184e2000 JavaThread "Cache worker for Build Output Cleanup Cache (E:\Data\project\tmp\jsp_netdisk\.gradle\buildOutputCleanup)" [_thread_blocked, id=18632, stack(0x000000001db90000,0x000000001dc90000)]
  0x00000000184dd800 JavaThread "Cache worker for cache directory md-rule (C:\Users\xfl666\.gradle\caches\6.8\md-rule)" [_thread_blocked, id=31088, stack(0x000000001c5f0000,0x000000001c6f0000)]
  0x00000000184dc000 JavaThread "Cache worker for cache directory md-supplier (C:\Users\xfl666\.gradle\caches\6.8\md-supplier)" [_thread_blocked, id=7352, stack(0x0000000019cc0000,0x0000000019dc0000)]
  0x00000000184e1800 JavaThread "Cache worker for checksums cache (E:\Data\project\tmp\jsp_netdisk\.gradle\checksums)" [_thread_blocked, id=41248, stack(0x0000000019bc0000,0x0000000019cc0000)]
  0x00000000184d4000 JavaThread "Cache worker for file hash cache (E:\Data\project\tmp\jsp_netdisk\.gradle\6.8\fileHashes)" [_thread_blocked, id=7376, stack(0x0000000019ac0000,0x0000000019bc0000)]
  0x00000000184da800 JavaThread "Daemon client event forwarder" [_thread_blocked, id=35824, stack(0x00000000197c0000,0x00000000198c0000)]
  0x00000000184d3000 JavaThread "Stdin handler" [_thread_blocked, id=40780, stack(0x00000000196c0000,0x00000000197c0000)]
  0x00000000184da000 JavaThread "Asynchronous log dispatcher for DefaultDaemonConnection: socket connection from /127.0.0.1:61345 to /127.0.0.1:32276" [_thread_blocked, id=32332, stack(0x0000000019110000,0x0000000019210000)]
  0x00000000184d5800 JavaThread "Daemon worker Thread 20" [_thread_blocked, id=36992, stack(0x0000000019010000,0x0000000019110000)]
  0x00000000184d9000 JavaThread "Cancel handler" [_thread_blocked, id=42608, stack(0x0000000001310000,0x0000000001410000)]
  0x00000000184d6000 JavaThread "Handler for socket connection from /127.0.0.1:61345 to /127.0.0.1:32276" [_thread_in_native, id=28428, stack(0x0000000001210000,0x0000000001310000)]
  0x00000000184d8800 JavaThread "Daemon Thread 20" [_thread_blocked, id=40460, stack(0x0000000001110000,0x0000000001210000)]
  0x00000000184df000 JavaThread "Memory manager" [_thread_blocked, id=17956, stack(0x0000000020520000,0x0000000020620000)]
  0x00000000184d4800 JavaThread "Cache worker for file content cache (C:\Users\xfl666\.gradle\caches\6.8\fileContent)" [_thread_blocked, id=37728, stack(0x000000001e740000,0x000000001e840000)]
  0x0000000018645800 JavaThread "Cache worker for execution history cache (C:\Users\xfl666\.gradle\caches\6.8\executionHistory)" [_thread_blocked, id=39052, stack(0x000000001df40000,0x000000001e040000)]
  0x0000000018647000 JavaThread "Cache worker for journal cache (C:\Users\xfl666\.gradle\caches\journal-1)" [_thread_blocked, id=21180, stack(0x000000001c4f0000,0x000000001c5f0000)]
  0x0000000018649000 JavaThread "File lock request listener" [_thread_in_native, id=21192, stack(0x000000001b190000,0x000000001b290000)]
  0x0000000018644000 JavaThread "Cache worker for file hash cache (C:\Users\xfl666\.gradle\caches\6.8\fileHashes)" [_thread_blocked, id=26120, stack(0x000000001af90000,0x000000001b090000)]
  0x0000000015d10000 JavaThread "Daemon periodic checks" [_thread_blocked, id=21184, stack(0x00000000193c0000,0x00000000194c0000)]
  0x0000000015d0f000 JavaThread "Incoming local TCP Connector on port 61345" [_thread_in_native, id=38616, stack(0x0000000019210000,0x0000000019310000)]
  0x0000000017d69000 JavaThread "Daemon health stats" [_thread_blocked, id=13616, stack(0x0000000018f10000,0x0000000019010000)]
  0x0000000015ad5800 JavaThread "Service Thread" daemon [_thread_blocked, id=17588, stack(0x0000000016370000,0x0000000016470000)]
  0x0000000015ad1800 JavaThread "C1 CompilerThread2" daemon [_thread_blocked, id=32708, stack(0x0000000016270000,0x0000000016370000)]
=>0x0000000015acf000 JavaThread "C2 CompilerThread1" daemon [_thread_in_native, id=36376, stack(0x0000000016170000,0x0000000016270000)]
  0x0000000014732000 JavaThread "C2 CompilerThread0" daemon [_thread_blocked, id=27500, stack(0x0000000016070000,0x0000000016170000)]
  0x000000001477e800 JavaThread "Attach Listener" daemon [_thread_blocked, id=5408, stack(0x0000000015f70000,0x0000000016070000)]
  0x0000000015a78800 JavaThread "Signal Dispatcher" daemon [_thread_blocked, id=18836, stack(0x0000000015e70000,0x0000000015f70000)]
  0x00000000032fb000 JavaThread "Finalizer" daemon [_thread_blocked, id=21384, stack(0x0000000015970000,0x0000000015a70000)]
  0x00000000032f2000 JavaThread "Reference Handler" daemon [_thread_blocked, id=23964, stack(0x0000000015870000,0x0000000015970000)]
  0x00000000031fe000 JavaThread "main" [_thread_blocked, id=36188, stack(0x0000000003050000,0x0000000003150000)]

Other Threads:
  0x00000000146e7800 VMThread [stack: 0x0000000015770000,0x0000000015870000] [id=9920]
  0x0000000015ad6000 WatcherThread [stack: 0x0000000016470000,0x0000000016570000] [id=21392]

VM state:not at safepoint (normal execution)

VM Mutex/Monitor currently owned by a thread: None

heap address: 0x00000000e0000000, size: 512 MB, Compressed Oops mode: 32-bit
Narrow klass base: 0x0000000000000000, Narrow klass shift: 3
Compressed class space size: 1073741824 Address: 0x0000000100000000

Heap:
 PSYoungGen      total 111104K, used 26858K [0x00000000f5580000, 0x0000000100000000, 0x0000000100000000)
  eden space 102912K, 18% used [0x00000000f5580000,0x00000000f67bd140,0x00000000fba00000)
  from space 8192K, 99% used [0x00000000fd900000,0x00000000fe0fd9b0,0x00000000fe100000)
  to   space 31744K, 0% used [0x00000000fba00000,0x00000000fba00000,0x00000000fd900000)
 ParOldGen       total 197632K, used 73348K [0x00000000e0000000, 0x00000000ec100000, 0x00000000f5580000)
  object space 197632K, 37% used [0x00000000e0000000,0x00000000e47a1030,0x00000000ec100000)
 Metaspace       used 59703K, capacity 64240K, committed 65832K, reserved 1105920K
  class space    used 7859K, capacity 8615K, committed 9000K, reserved 1048576K

Card table byte_map: [0x00000000126c0000,0x00000000127d0000] byte_map_base: 0x0000000011fc0000

Marking Bits: (ParMarkBitMap*) 0x000000005a955ce0
 Begin Bits: [0x0000000012c80000, 0x0000000013480000)
 End Bits:   [0x0000000013480000, 0x0000000013c80000)

Polling page: 0x0000000000f30000

CodeCache: size=245760Kb used=44701Kb max_used=44715Kb free=201058Kb
 bounds [0x0000000003300000, 0x0000000005ef0000, 0x0000000012300000]
 total_blobs=13737 nmethods=12946 adapters=701
 compilation: enabled

Compilation events (10 events):
Event: 17341.480 Thread 0x0000000015ad1800 15340       3       java.io.ObjectStreamClass$4::compare (12 bytes)
Event: 17341.480 Thread 0x0000000015ad1800 nmethod 15340 0x0000000005ecd310 code [0x0000000005ecd480, 0x0000000005ecd6a8]
Event: 17341.482 Thread 0x0000000015ad1800 15341       3       org.gradle.internal.snapshot.CompositeFileSystemSnapshot::of (56 bytes)
Event: 17341.483 Thread 0x0000000015ad1800 nmethod 15341 0x0000000005ed8550 code [0x0000000005ed8700, 0x0000000005ed8c48]
Event: 17341.485 Thread 0x0000000014732000 nmethod 15333 0x0000000005eda850 code [0x0000000005edaac0, 0x0000000005edb598]
Event: 17341.485 Thread 0x0000000014732000 15337       4       org.apache.commons.io.FilenameUtils::doNormalize (534 bytes)
Event: 17341.511 Thread 0x0000000014732000 nmethod 15337 0x0000000005edec10 code [0x0000000005edede0, 0x0000000005ee00d0]
Event: 17341.512 Thread 0x0000000014732000 15342       4       com.google.common.collect.CompactHashMap$Itr::hasNext (13 bytes)
Event: 17341.512 Thread 0x0000000014732000 nmethod 15342 0x0000000005d465d0 code [0x0000000005d46700, 0x0000000005d46778]
Event: 17341.513 Thread 0x0000000014732000 15343       4       org.gradle.internal.snapshot.VfsRelativePath::of (14 bytes)

GC Heap History (10 events):
Event: 17331.833 GC heap before
{Heap before GC invocations=21 (full 2):
 PSYoungGen      total 128512K, used 128498K [0x00000000f5580000, 0x00000000fe580000, 0x0000000100000000)
  eden space 118784K, 100% used [0x00000000f5580000,0x00000000fc980000,0x00000000fc980000)
  from space 9728K, 99% used [0x00000000fdc00000,0x00000000fe57c920,0x00000000fe580000)
  to   space 12800K, 0% used [0x00000000fcc80000,0x00000000fcc80000,0x00000000fd900000)
 ParOldGen       total 175104K, used 17337K [0x00000000e0000000, 0x00000000eab00000, 0x00000000f5580000)
  object space 175104K, 9% used [0x00000000e0000000,0x00000000e10ee5e0,0x00000000eab00000)
 Metaspace       used 53392K, capacity 58540K, committed 58664K, reserved 1099776K
  class space    used 7273K, capacity 8182K, committed 8232K, reserved 1048576K
Event: 17331.861 GC heap after
Heap after GC invocations=21 (full 2):
 PSYoungGen      total 128512K, used 12784K [0x00000000f5580000, 0x00000000fe380000, 0x0000000100000000)
  eden space 115712K, 0% used [0x00000000f5580000,0x00000000f5580000,0x00000000fc680000)
  from space 12800K, 99% used [0x00000000fcc80000,0x00000000fd8fc138,0x00000000fd900000)
  to   space 10752K, 0% used [0x00000000fd900000,0x00000000fd900000,0x00000000fe380000)
 ParOldGen       total 175104K, used 21126K [0x00000000e0000000, 0x00000000eab00000, 0x00000000f5580000)
  object space 175104K, 12% used [0x00000000e0000000,0x00000000e14a1898,0x00000000eab00000)
 Metaspace       used 53392K, capacity 58540K, committed 58664K, reserved 1099776K
  class space    used 7273K, capacity 8182K, committed 8232K, reserved 1048576K
}
Event: 17333.459 GC heap before
{Heap before GC invocations=22 (full 2):
 PSYoungGen      total 128512K, used 47244K [0x00000000f5580000, 0x00000000fe380000, 0x0000000100000000)
  eden space 115712K, 29% used [0x00000000f5580000,0x00000000f7727090,0x00000000fc680000)
  from space 12800K, 99% used [0x00000000fcc80000,0x00000000fd8fc138,0x00000000fd900000)
  to   space 10752K, 0% used [0x00000000fd900000,0x00000000fd900000,0x00000000fe380000)
 ParOldGen       total 175104K, used 21126K [0x00000000e0000000, 0x00000000eab00000, 0x00000000f5580000)
  object space 175104K, 12% used [0x00000000e0000000,0x00000000e14a1898,0x00000000eab00000)
 Metaspace       used 53813K, capacity 59072K, committed 59160K, reserved 1099776K
  class space    used 7343K, capacity 8280K, committed 8360K, reserved 1048576K
Event: 17333.469 GC heap after
Heap after GC invocations=22 (full 2):
 PSYoungGen      total 121344K, used 7626K [0x00000000f5580000, 0x00000000fe100000, 0x0000000100000000)
  eden space 113152K, 0% used [0x00000000f5580000,0x00000000f5580000,0x00000000fc400000)
  from space 8192K, 93% used [0x00000000fd900000,0x00000000fe0728f0,0x00000000fe100000)
  to   space 14848K, 0% used [0x00000000fc400000,0x00000000fc400000,0x00000000fd280000)
 ParOldGen       total 175104K, used 25082K [0x00000000e0000000, 0x00000000eab00000, 0x00000000f5580000)
  object space 175104K, 14% used [0x00000000e0000000,0x00000000e187e8d8,0x00000000eab00000)
 Metaspace       used 53813K, capacity 59072K, committed 59160K, reserved 1099776K
  class space    used 7343K, capacity 8280K, committed 8360K, reserved 1048576K
}
Event: 17333.469 GC heap before
{Heap before GC invocations=23 (full 3):
 PSYoungGen      total 121344K, used 7626K [0x00000000f5580000, 0x00000000fe100000, 0x0000000100000000)
  eden space 113152K, 0% used [0x00000000f5580000,0x00000000f5580000,0x00000000fc400000)
  from space 8192K, 93% used [0x00000000fd900000,0x00000000fe0728f0,0x00000000fe100000)
  to   space 14848K, 0% used [0x00000000fc400000,0x00000000fc400000,0x00000000fd280000)
 ParOldGen       total 175104K, used 25082K [0x00000000e0000000, 0x00000000eab00000, 0x00000000f5580000)
  object space 175104K, 14% used [0x00000000e0000000,0x00000000e187e8d8,0x00000000eab00000)
 Metaspace       used 53813K, capacity 59072K, committed 59160K, reserved 1099776K
  class space    used 7343K, capacity 8280K, committed 8360K, reserved 1048576K
Event: 17333.742 GC heap after
Heap after GC invocations=23 (full 3):
 PSYoungGen      total 121344K, used 0K [0x00000000f5580000, 0x00000000fe100000, 0x0000000100000000)
  eden space 113152K, 0% used [0x00000000f5580000,0x00000000f5580000,0x00000000fc400000)
  from space 8192K, 0% used [0x00000000fd900000,0x00000000fd900000,0x00000000fe100000)
  to   space 14848K, 0% used [0x00000000fc400000,0x00000000fc400000,0x00000000fd280000)
 ParOldGen       total 197632K, used 24738K [0x00000000e0000000, 0x00000000ec100000, 0x00000000f5580000)
  object space 197632K, 12% used [0x00000000e0000000,0x00000000e1828ba8,0x00000000ec100000)
 Metaspace       used 52933K, capacity 57370K, committed 59160K, reserved 1099776K
  class space    used 7127K, capacity 7892K, committed 8360K, reserved 1048576K
}
Event: 17338.267 GC heap before
{Heap before GC invocations=24 (full 3):
 PSYoungGen      total 121344K, used 113152K [0x00000000f5580000, 0x00000000fe100000, 0x0000000100000000)
  eden space 113152K, 100% used [0x00000000f5580000,0x00000000fc400000,0x00000000fc400000)
  from space 8192K, 0% used [0x00000000fd900000,0x00000000fd900000,0x00000000fe100000)
  to   space 14848K, 0% used [0x00000000fc400000,0x00000000fc400000,0x00000000fd280000)
 ParOldGen       total 197632K, used 24738K [0x00000000e0000000, 0x00000000ec100000, 0x00000000f5580000)
  object space 197632K, 12% used [0x00000000e0000000,0x00000000e1828ba8,0x00000000ec100000)
 Metaspace       used 57439K, capacity 61906K, committed 63656K, reserved 1103872K
  class space    used 7668K, capacity 8419K, committed 8872K, reserved 1048576K
Event: 17338.290 GC heap after
Heap after GC invocations=24 (full 3):
 PSYoungGen      total 128000K, used 14833K [0x00000000f5580000, 0x00000000fe100000, 0x0000000100000000)
  eden space 113152K, 0% used [0x00000000f5580000,0x00000000f5580000,0x00000000fc400000)
  from space 14848K, 99% used [0x00000000fc400000,0x00000000fd27c4f8,0x00000000fd280000)
  to   space 8192K, 0% used [0x00000000fd900000,0x00000000fd900000,0x00000000fe100000)
 ParOldGen       total 197632K, used 39616K [0x00000000e0000000, 0x00000000ec100000, 0x00000000f5580000)
  object space 197632K, 20% used [0x00000000e0000000,0x00000000e26b0328,0x00000000ec100000)
 Metaspace       used 57439K, capacity 61906K, committed 63656K, reserved 1103872K
  class space    used 7668K, capacity 8419K, committed 8872K, reserved 1048576K
}
Event: 17341.233 GC heap before
{Heap before GC invocations=25 (full 3):
 PSYoungGen      total 128000K, used 127985K [0x00000000f5580000, 0x00000000fe100000, 0x0000000100000000)
  eden space 113152K, 100% used [0x00000000f5580000,0x00000000fc400000,0x00000000fc400000)
  from space 14848K, 99% used [0x00000000fc400000,0x00000000fd27c4f8,0x00000000fd280000)
  to   space 8192K, 0% used [0x00000000fd900000,0x00000000fd900000,0x00000000fe100000)
 ParOldGen       total 197632K, used 39616K [0x00000000e0000000, 0x00000000ec100000, 0x00000000f5580000)
  object space 197632K, 20% used [0x00000000e0000000,0x00000000e26b0328,0x00000000ec100000)
 Metaspace       used 59574K, capacity 64024K, committed 65832K, reserved 1105920K
  class space    used 7839K, capacity 8586K, committed 9000K, reserved 1048576K
Event: 17341.271 GC heap after
Heap after GC invocations=25 (full 3):
 PSYoungGen      total 111104K, used 8182K [0x00000000f5580000, 0x0000000100000000, 0x0000000100000000)
  eden space 102912K, 0% used [0x00000000f5580000,0x00000000f5580000,0x00000000fba00000)
  from space 8192K, 99% used [0x00000000fd900000,0x00000000fe0fd9b0,0x00000000fe100000)
  to   space 31744K, 0% used [0x00000000fba00000,0x00000000fba00000,0x00000000fd900000)
 ParOldGen       total 197632K, used 73348K [0x00000000e0000000, 0x00000000ec100000, 0x00000000f5580000)
  object space 197632K, 37% used [0x00000000e0000000,0x00000000e47a1030,0x00000000ec100000)
 Metaspace       used 59574K, capacity 64024K, committed 65832K, reserved 1105920K
  class space    used 7839K, capacity 8586K, committed 9000K, reserved 1048576K
}

Deoptimization events (10 events):
Event: 17341.166 Thread 0x000000001cb92800 Uncommon trap: reason=unstable_if action=reinterpret pc=0x0000000005e736a8 method=com.google.common.collect.MapMakerInternalMap$Segment.put(Ljava/lang/Object;ILjava/lang/Object;Z)Ljava/lang/Object; @ 92
Event: 17341.353 Thread 0x000000001cb8b000 Uncommon trap: reason=unstable_if action=reinterpret pc=0x00000000042b60c8 method=java.util.concurrent.ConcurrentHashMap.addCount(JI)V @ 34
Event: 17341.356 Thread 0x000000001cb8b000 Uncommon trap: reason=speculate_class_check action=maybe_recompile pc=0x00000000045c01e4 method=java.util.Random.<init>(J)V @ 15
Event: 17341.356 Thread 0x00000000184e0800 Uncommon trap: reason=unstable_if action=reinterpret pc=0x000000000382a378 method=java.util.concurrent.ConcurrentHashMap.addCount(JI)V @ 7
Event: 17341.368 Thread 0x000000001cb8b000 Uncommon trap: reason=unstable_if action=reinterpret pc=0x00000000050165e4 method=org.gradle.api.internal.tasks.compile.tooling.JavaCompileTaskSuccessResultPostProcessor.finished(Lorg/gradle/internal/operations/BuildOperationDescriptor;Lorg/gradle/interna
Event: 17341.368 Thread 0x000000001cb8b000 Uncommon trap: reason=unstable_if action=reinterpret pc=0x00000000038ca5fc method=java.util.concurrent.ConcurrentHashMap.addCount(JI)V @ 7
Event: 17341.402 Thread 0x000000001cb93000 Uncommon trap: reason=unstable_if action=reinterpret pc=0x0000000004b6819c method=com.esotericsoftware.kryo.io.Output.require(I)Z @ 10
Event: 17341.408 Thread 0x000000001cb93000 Uncommon trap: reason=unstable_if action=reinterpret pc=0x0000000003c7f998 method=com.esotericsoftware.kryo.io.Output.writeBytes([BII)V @ 61
Event: 17341.413 Thread 0x000000001cb93000 Uncommon trap: reason=unstable_if action=reinterpret pc=0x00000000037a3c20 method=java.io.BufferedOutputStream.write([BII)V @ 6
Event: 17341.481 Thread 0x00000000184da800 Uncommon trap: reason=unstable_if action=reinterpret pc=0x0000000004398f34 method=java.io.ObjectOutputStream$HandleTable.assign(Ljava/lang/Object;)I @ 24

Classes redefined (0 events):
No events

Internal exceptions (10 events):
Event: 17341.468 Thread 0x00000000184da800 Exception <a 'java/lang/NoSuchMethodError': <clinit>> (0x00000000f6641970) thrown at [C:\re\workspace\8-2-build-windows-amd64-cygwin\jdk8u212\12974\hotspot\src\share\vm\prims\jni.cpp, line 1614]
Event: 17341.473 Thread 0x00000000184da800 Exception <a 'java/lang/NoSuchMethodError': <clinit>> (0x00000000f6658258) thrown at [C:\re\workspace\8-2-build-windows-amd64-cygwin\jdk8u212\12974\hotspot\src\share\vm\prims\jni.cpp, line 1614]
Event: 17341.478 Thread 0x00000000184da800 Exception <a 'java/lang/NoSuchMethodError': <clinit>> (0x00000000f674ba48) thrown at [C:\re\workspace\8-2-build-windows-amd64-cygwin\jdk8u212\12974\hotspot\src\share\vm\prims\jni.cpp, line 1614]
Event: 17341.478 Thread 0x00000000184da800 Exception <a 'java/lang/NoSuchMethodError': <clinit>> (0x00000000f6754750) thrown at [C:\re\workspace\8-2-build-windows-amd64-cygwin\jdk8u212\12974\hotspot\src\share\vm\prims\jni.cpp, line 1614]
Event: 17341.479 Thread 0x00000000184da800 Exception <a 'java/lang/NoSuchMethodError': <clinit>> (0x00000000f6772990) thrown at [C:\re\workspace\8-2-build-windows-amd64-cygwin\jdk8u212\12974\hotspot\src\share\vm\prims\jni.cpp, line 1614]
Event: 17341.479 Thread 0x00000000184da800 Exception <a 'java/lang/NoSuchMethodError': <clinit>> (0x00000000f6774b28) thrown at [C:\re\workspace\8-2-build-windows-amd64-cygwin\jdk8u212\12974\hotspot\src\share\vm\prims\jni.cpp, line 1614]
Event: 17341.480 Thread 0x00000000184da800 Exception <a 'java/lang/NoSuchMethodError': <clinit>> (0x00000000f6776520) thrown at [C:\re\workspace\8-2-build-windows-amd64-cygwin\jdk8u212\12974\hotspot\src\share\vm\prims\jni.cpp, line 1614]
Event: 17341.480 Thread 0x00000000184da800 Exception <a 'java/lang/NoSuchMethodError': <clinit>> (0x00000000f67783d8) thrown at [C:\re\workspace\8-2-build-windows-amd64-cygwin\jdk8u212\12974\hotspot\src\share\vm\prims\jni.cpp, line 1614]
Event: 17341.481 Thread 0x00000000184da800 Exception <a 'java/lang/NoSuchMethodError': <clinit>> (0x00000000f6792b28) thrown at [C:\re\workspace\8-2-build-windows-amd64-cygwin\jdk8u212\12974\hotspot\src\share\vm\prims\jni.cpp, line 1614]
Event: 17341.482 Thread 0x00000000184da800 Exception <a 'java/lang/NoSuchMethodError': <clinit>> (0x00000000f67a2240) thrown at [C:\re\workspace\8-2-build-windows-amd64-cygwin\jdk8u212\12974\hotspot\src\share\vm\prims\jni.cpp, line 1614]

Events (10 events):
Event: 17341.473 loading class groovy/runtime/metaclass/java/util/HashSetMetaClass done
Event: 17341.475 loading class groovy/lang/GroovyRuntimeException
Event: 17341.475 loading class groovy/lang/GroovyRuntimeException done
Event: 17341.475 loading class org/codehaus/groovy/runtime/typehandling/DefaultTypeTransformation
Event: 17341.475 loading class org/codehaus/groovy/runtime/typehandling/DefaultTypeTransformation done
Event: 17341.475 loading class groovy/runtime/metaclass/java/lang/BooleanMetaClass
Event: 17341.475 loading class groovy/runtime/metaclass/java/lang/BooleanMetaClass done
Event: 17341.481 Thread 0x00000000184da800 Uncommon trap: trap_request=0xffffff65 fr.pc=0x0000000004398f34
Event: 17341.481 Thread 0x00000000184da800 DEOPT PACKING pc=0x0000000004398f34 sp=0x00000000198be280
Event: 17341.481 Thread 0x00000000184da800 DEOPT UNPACKING pc=0x000000000334583b sp=0x00000000198be260 mode 2


Dynamic libraries:
0x00007ff7d4e20000 - 0x00007ff7d4e57000 	E:\Program Files\Java\jdk1.8.0_212\bin\java.exe
0x00007ffacd7b0000 - 0x00007ffacd9a5000 	C:\WINDOWS\SYSTEM32\ntdll.dll
0x00007ffaccad0000 - 0x00007ffaccb8d000 	C:\WINDOWS\System32\KERNEL32.DLL
0x00007ffacb1a0000 - 0x00007ffacb468000 	C:\WINDOWS\System32\KERNELBASE.dll
0x00007ffacd660000 - 0x00007ffacd70c000 	C:\WINDOWS\System32\ADVAPI32.dll
0x00007ffacca20000 - 0x00007ffaccabe000 	C:\WINDOWS\System32\msvcrt.dll
0x00007ffacc350000 - 0x00007ffacc3eb000 	C:\WINDOWS\System32\sechost.dll
0x00007ffaccf80000 - 0x00007ffacd0ab000 	C:\WINDOWS\System32\RPCRT4.dll
0x00007ffacc1b0000 - 0x00007ffacc350000 	C:\WINDOWS\System32\USER32.dll
0x00007ffacaef0000 - 0x00007ffacaf12000 	C:\WINDOWS\System32\win32u.dll
0x00007ffacc5d0000 - 0x00007ffacc5fa000 	C:\WINDOWS\System32\GDI32.dll
0x00007ffacb540000 - 0x00007ffacb64b000 	C:\WINDOWS\System32\gdi32full.dll
0x00007ffacaf50000 - 0x00007ffacafed000 	C:\WINDOWS\System32\msvcp_win.dll
0x00007ffacb0a0000 - 0x00007ffacb1a0000 	C:\WINDOWS\System32\ucrtbase.dll
0x00007ffaba4d0000 - 0x00007ffaba76a000 	C:\WINDOWS\WinSxS\amd64_microsoft.windows.common-controls_6595b64144ccf1df_6.0.19041.844_none_ca00b6081b84eb1d\COMCTL32.dll
0x00007ffaccb90000 - 0x00007ffaccbc0000 	C:\WINDOWS\System32\IMM32.DLL
0x000000005a9e0000 - 0x000000005aab2000 	E:\Program Files\Java\jdk1.8.0_212\jre\bin\msvcr100.dll
0x000000005a130000 - 0x000000005a9d5000 	E:\Program Files\Java\jdk1.8.0_212\jre\bin\server\jvm.dll
0x00007ffacbff0000 - 0x00007ffacbff8000 	C:\WINDOWS\System32\PSAPI.DLL
0x00007ffabff10000 - 0x00007ffabff1a000 	C:\WINDOWS\SYSTEM32\VERSION.dll
0x00007ffaba780000 - 0x00007ffaba7a7000 	C:\WINDOWS\SYSTEM32\WINMM.dll
0x00007ffa96120000 - 0x00007ffa96129000 	C:\WINDOWS\SYSTEM32\WSOCK32.dll
0x00007ffacc8e0000 - 0x00007ffacc94b000 	C:\WINDOWS\System32\ws2_32.DLL
0x00007ffac58b0000 - 0x00007ffac58bf000 	E:\Program Files\Java\jdk1.8.0_212\jre\bin\verify.dll
0x00007ffac5880000 - 0x00007ffac58a9000 	E:\Program Files\Java\jdk1.8.0_212\jre\bin\java.dll
0x00007ffac56c0000 - 0x00007ffac56d6000 	E:\Program Files\Java\jdk1.8.0_212\jre\bin\zip.dll
0x00007ffacb8a0000 - 0x00007ffacbfe2000 	C:\WINDOWS\System32\SHELL32.dll
0x00007ffac9000000 - 0x00007ffac9790000 	C:\WINDOWS\SYSTEM32\windows.storage.dll
0x00007ffaccc20000 - 0x00007ffaccf75000 	C:\WINDOWS\System32\combase.dll
0x00007ffaca820000 - 0x00007ffaca84c000 	C:\WINDOWS\SYSTEM32\Wldp.dll
0x00007ffacc520000 - 0x00007ffacc5ce000 	C:\WINDOWS\System32\SHCORE.dll
0x00007ffacd710000 - 0x00007ffacd765000 	C:\WINDOWS\System32\shlwapi.dll
0x00007ffacae30000 - 0x00007ffacae4f000 	C:\WINDOWS\SYSTEM32\profapi.dll
0x00007ffac56a0000 - 0x00007ffac56ba000 	E:\Program Files\Java\jdk1.8.0_212\jre\bin\net.dll
0x00007ffabafc0000 - 0x00007ffabb1ae000 	C:\WINDOWS\SYSTEM32\urlmon.dll
0x00007ffabad10000 - 0x00007ffabafc0000 	C:\WINDOWS\SYSTEM32\iertutil.dll
0x00007ffaca600000 - 0x00007ffaca66a000 	C:\WINDOWS\system32\mswsock.dll
0x00007ffac55f0000 - 0x00007ffac5602000 	E:\Program Files\Java\jdk1.8.0_212\jre\bin\nio.dll
0x00007ffac52c0000 - 0x00007ffac52e6000 	C:\Users\xfl666\.gradle\native\fdc75f09e3144964f2cf3f50f0aa648679c211496f362492102eb8c894070792\windows-amd64\native-platform.dll
0x00007ffa931a0000 - 0x00007ffa93331000 	C:\Users\xfl666\.gradle\native\12488b8bf47d2d4c9fbf2f6322a914ad602e24e48041cd04a747c6da556b65c4\windows-amd64\native-platform-file-events.dll
0x00007ffac5870000 - 0x00007ffac587d000 	E:\Program Files\Java\jdk1.8.0_212\jre\bin\management.dll
0x00007ffaca860000 - 0x00007ffaca878000 	C:\WINDOWS\SYSTEM32\CRYPTSP.dll
0x00007ffac9fc0000 - 0x00007ffac9ff4000 	C:\WINDOWS\system32\rsaenh.dll
0x00007ffacaf20000 - 0x00007ffacaf47000 	C:\WINDOWS\System32\bcrypt.dll
0x00007ffacadf0000 - 0x00007ffacae1e000 	C:\WINDOWS\SYSTEM32\USERENV.dll
0x00007ffacb470000 - 0x00007ffacb4f0000 	C:\WINDOWS\System32\bcryptprimitives.dll
0x00007ffaca780000 - 0x00007ffaca78c000 	C:\WINDOWS\SYSTEM32\CRYPTBASE.dll
0x00007ffaca310000 - 0x00007ffaca34b000 	C:\WINDOWS\SYSTEM32\IPHLPAPI.DLL
0x00007ffacc510000 - 0x00007ffacc518000 	C:\WINDOWS\System32\NSI.dll
0x00007ffac3df0000 - 0x00007ffac3e07000 	C:\WINDOWS\SYSTEM32\dhcpcsvc6.DLL
0x00007ffac3dd0000 - 0x00007ffac3ded000 	C:\WINDOWS\SYSTEM32\dhcpcsvc.DLL
0x00007ffaca350000 - 0x00007ffaca41c000 	C:\WINDOWS\SYSTEM32\DNSAPI.dll
0x00007ffac3e70000 - 0x00007ffac3e7b000 	C:\WINDOWS\SYSTEM32\WINNSI.DLL

VM Arguments:
jvm_args: -XX:MaxMetaspaceSize=256m -XX:+HeapDumpOnOutOfMemoryError -Xms256m -Xmx512m -Dfile.encoding=UTF-8 -Duser.country=CN -Duser.language=zh -Duser.variant 
java_command: org.gradle.launcher.daemon.bootstrap.GradleDaemon 6.8
java_class_path (initial): C:\Users\xfl666\.gradle\wrapper\dists\gradle-6.8-all\9emh0d32e025cam7aasxcw002\gradle-6.8\lib\gradle-launcher-6.8.jar
Launcher Type: SUN_STANDARD

Environment Variables:
JAVA_HOME=E:\Program Files\Java\jdk1.8.0_212
PATH=C:\Program Files (x86)\Razer Chroma SDK\bin;C:\Program Files\Razer Chroma SDK\bin;C:\Program Files\Python38\;C:\Program Files\Python38\Scripts\;C:\Program Files (x86)\Razer\ChromaBroadcast\bin;C:\Program Files\Razer\ChromaBroadcast\bin;C:\TDM-GCC-64\bin;E:\Program Files\Java\jdk1.8.0_212\bin;E:\Program Files\Java\jdk1.8.0_212\jre\bin;C:\Program Files (x86)\Common Files\Oracle\Java\javapath;C:\Program Files (x86)\Intel\iCLS Client\;C:\Program Files\Intel\iCLS Client\;C:\WINDOWS\system32;C:\WINDOWS;C:\WINDOWS\System32\Wbem;C:\WINDOWS\System32\WindowsPowerShell\v1.0\;C:\WINDOWS\System32\OpenSSH\;E:\ProgramExt\Android\Sdk\platform-tools;C:\Program Files (x86)\NVIDIA Corporation\PhysX\Common;C:\Program Files (x86)\Intel\Intel(R) Management Engine Components\DAL;C:\Program Files\Intel\Intel(R) Management Engine Components\DAL;C:\Program Files (x86)\Intel\Intel(R) Management Engine Components\IPT;C:\Program Files\Intel\Intel(R) Management Engine Components\IPT;C:\Program Files\OpenVPN\bin;C:\Program Files\WIDCOMM\Bluetooth Software\;C:\Program Files\WIDCOMM\Bluetooth Software\syswow64;E:\Program Files (x86)\NetSarang\Xshell 7\;E:\Program Files\Microsoft VS Code\bin;E:\Program Files\Git\cmd;C:\WINDOWS\system32\config\systemprofile\AppData\Local\Microsoft\WindowsApps;;C:\Program Files\Docker\Docker\resources\bin;C:\ProgramData\DockerDesktop\version-bin;C:\Program Files (x86)\dotnet\;C:\Program Files\nodejs\;C:\Users\xfl666\AppData\Local\Microsoft\WindowsApps;C:\Users\xfl666\AppData\Roaming\npm
USERNAME=xfl666
OS=Windows_NT
PROCESSOR_IDENTIFIER=Intel64 Family 6 Model 158 Stepping 9, GenuineIntel



---------------  S Y S T E M  ---------------

OS: Windows 10.0 , 64 bit Build 19041 (10.0.19041.928)

CPU:total 4 (initial active 4) (4 cores per cpu, 1 threads per core) family 6 model 158 stepping 9, cmov, cx8, fxsr, mmx, sse, sse2, sse3, ssse3, sse4.1, sse4.2, popcnt, avx, avx2, aes, clmul, erms, 3dnowpref, lzcnt, tsc, tscinvbit, bmi1, bmi2, adx

Memory: 4k page, physical 33432976k(3463968k free), swap 59647884k(1564k free)

vm_info: Java HotSpot(TM) 64-Bit Server VM (25.212-b10) for windows-amd64 JRE (1.8.0_212-b10), built on Apr  1 2019 22:50:23 by "java_re" with MS VC++ 10.0 (VS2010)

time: Wed May 19 22:41:15 2021
timezone: 中国标准时间
elapsed time: 17341 seconds (0d 4h 49m 1s)

